<?xml version="1.0" encoding="UTF-8"?>
<!-- Generated by org.testng.reporters.JUnitXMLReporter -->
<testsuite hostname="HANUMA-O6S338O" ignored="0" name="Default test" tests="4" failures="0" timestamp="08 Jun 2020 18:42:16 GMT" time="0.167" errors="0">
  <testcase name="TC_Login_01" time="0.028" classname="Demo_TestNG.Demo_TestNg.TC_Login"/>
  <testcase name="TC_Login_02" time="0.006" classname="Demo_TestNG.Demo_TestNg.TC_Login"/>
  <testcase name="TC_Login_03" time="0.004" classname="Demo_TestNG.Demo_TestNg.TC_Login"/>
  <testcase name="TC_Login_04" time="0.003" classname="Demo_TestNG.Demo_TestNg.TC_Login"/>
</testsuite> <!-- Default test -->
