<?xml version="1.0" encoding="UTF-8"?>
<!-- Generated by org.testng.reporters.JUnitXMLReporter -->
<testsuite hostname="HANUMA-O6S338O" ignored="1" name="Home_Test" tests="1" failures="0" timestamp="10 Jun 2020 18:47:46 GMT" time="0.115" errors="0">
  <testcase name="TC_Home_02" time="0.045" classname="Demo_TestNG.Demo_TestNg.TC_Home_Group"/>
  <testcase name="TC_Home_01" time="0.0" classname="Demo_TestNG.Demo_TestNg.TC_Home_Group">
    <ignored/>
  </testcase> <!-- TC_Home_01 -->
</testsuite> <!-- Home_Test -->
