<?xml version="1.0" encoding="UTF-8"?>
<!-- Generated by org.testng.reporters.JUnitXMLReporter -->
<testsuite hostname="HANUMA-O6S338O" ignored="2" name="Login_Test" tests="2" failures="0" timestamp="10 Jun 2020 18:47:46 GMT" time="0.024" errors="0">
  <testcase name="TC_Login_01" time="0.012" classname="Demo_TestNG.Demo_TestNg.TC_Login_Group"/>
  <testcase name="TC_Login_03" time="0.003" classname="Demo_TestNG.Demo_TestNg.TC_Login_Group"/>
  <testcase name="TC_Login_02" time="0.0" classname="Demo_TestNG.Demo_TestNg.TC_Login_Group">
    <ignored/>
  </testcase> <!-- TC_Login_02 -->
  <testcase name="TC_Login_04" time="0.0" classname="Demo_TestNG.Demo_TestNg.TC_Login_Group">
    <ignored/>
  </testcase> <!-- TC_Login_04 -->
</testsuite> <!-- Login_Test -->
