<?xml version="1.0" encoding="UTF-8"?>
<!-- Generated by org.testng.reporters.JUnitXMLReporter -->
<testsuite hostname="HANUMA-O6S338O" ignored="3" name="Login_Test" tests="1" failures="0" timestamp="22 May 2020 18:30:06 GMT" time="0.008" errors="0">
  <testcase name="TC_Login_04" time="0.004" classname="Demo_TestNG.Demo_TestNg.TC_Login"/>
  <testcase name="TC_Login_02" time="0.0" classname="Demo_TestNG.Demo_TestNg.TC_Login">
    <ignored/>
  </testcase> <!-- TC_Login_02 -->
  <testcase name="TC_Login_01" time="0.0" classname="Demo_TestNG.Demo_TestNg.TC_Login">
    <ignored/>
  </testcase> <!-- TC_Login_01 -->
  <testcase name="TC_Login_03" time="0.0" classname="Demo_TestNG.Demo_TestNg.TC_Login">
    <ignored/>
  </testcase> <!-- TC_Login_03 -->
</testsuite> <!-- Login_Test -->
